[0.520s] DEBUG:colcon:Command line arguments: ['/usr/bin/colcon', 'build', '--symlink-install', '--packages-select', 'mail-delivery-robot']
[0.520s] DEBUG:colcon:Parsed command line arguments: Namespace(log_base=None, log_level=None, verb_name='build', build_base='build', install_base='install', merge_install=False, symlink_install=True, test_result_base=None, continue_on_error=False, executor='parallel', parallel_workers=4, event_handlers=None, ignore_user_meta=False, metas=['./colcon.meta'], base_paths=['.'], packages_ignore=None, packages_ignore_regex=None, paths=None, packages_up_to=None, packages_up_to_regex=None, packages_above=None, packages_above_and_dependencies=None, packages_above_depth=None, packages_select_by_dep=None, packages_skip_by_dep=None, packages_skip_up_to=None, packages_select_build_failed=False, packages_skip_build_finished=False, packages_select_test_failures=False, packages_skip_test_passed=False, packages_select=['mail-delivery-robot'], packages_skip=None, packages_select_regex=None, packages_skip_regex=None, packages_start=None, packages_end=None, allow_overriding=[], cmake_args=None, cmake_target=None, cmake_target_skip_unavailable=False, cmake_clean_cache=False, cmake_clean_first=False, cmake_force_configure=False, ament_cmake_args=None, catkin_cmake_args=None, catkin_skip_building_tests=False, mixin_files=None, mixin=None, verb_parser=<colcon_mixin.mixin.mixin_argument.MixinArgumentDecorator object at 0xffff9715e050>, verb_extension=<colcon_core.verb.build.BuildVerb object at 0xffff97306fe0>, main=<bound method BuildVerb.main of <colcon_core.verb.build.BuildVerb object at 0xffff97306fe0>>, mixin_verb=('build',))
[1.454s] Level 1:colcon.colcon_core.package_discovery:discover_packages(colcon_meta) check parameters
[1.455s] Level 1:colcon.colcon_core.package_discovery:discover_packages(recursive) check parameters
[1.455s] Level 1:colcon.colcon_core.package_discovery:discover_packages(ignore) check parameters
[1.455s] Level 1:colcon.colcon_core.package_discovery:discover_packages(path) check parameters
[1.455s] Level 1:colcon.colcon_core.package_discovery:discover_packages(colcon_meta) discover
[1.455s] Level 1:colcon.colcon_core.package_discovery:discover_packages(recursive) discover
[1.455s] INFO:colcon.colcon_core.package_discovery:Crawling recursively for packages in '/home/capstone2526/cmdr_ws/src/carleton-mail-delivery-robot/mail-delivery-robot/src'
[1.456s] Level 1:colcon.colcon_core.package_identification:_identify(.) by extensions ['ignore', 'ignore_ament_install']
[1.456s] Level 1:colcon.colcon_core.package_identification:_identify(.) by extension 'ignore'
[1.457s] Level 1:colcon.colcon_core.package_identification:_identify(.) by extension 'ignore_ament_install'
[1.457s] Level 1:colcon.colcon_core.package_identification:_identify(.) by extensions ['colcon_pkg']
[1.457s] Level 1:colcon.colcon_core.package_identification:_identify(.) by extension 'colcon_pkg'
[1.457s] Level 1:colcon.colcon_core.package_identification:_identify(.) by extensions ['colcon_meta']
[1.457s] Level 1:colcon.colcon_core.package_identification:_identify(.) by extension 'colcon_meta'
[1.458s] Level 1:colcon.colcon_core.package_identification:_identify(.) by extensions ['ros']
[1.458s] Level 1:colcon.colcon_core.package_identification:_identify(.) by extension 'ros'
[1.506s] Level 1:colcon.colcon_core.package_identification:_identify(.) by extensions ['cmake', 'python']
[1.507s] Level 1:colcon.colcon_core.package_identification:_identify(.) by extension 'cmake'
[1.507s] Level 1:colcon.colcon_core.package_identification:_identify(.) by extension 'python'
[1.507s] Level 1:colcon.colcon_core.package_identification:_identify(.) by extensions ['python_setup_py']
[1.507s] Level 1:colcon.colcon_core.package_identification:_identify(.) by extension 'python_setup_py'
[1.508s] Level 1:colcon.colcon_core.package_identification:_identify(build) by extensions ['ignore', 'ignore_ament_install']
[1.508s] Level 1:colcon.colcon_core.package_identification:_identify(build) by extension 'ignore'
[1.508s] Level 1:colcon.colcon_core.package_identification:_identify(build) ignored
[1.509s] Level 1:colcon.colcon_core.package_identification:_identify(communication) by extensions ['ignore', 'ignore_ament_install']
[1.509s] Level 1:colcon.colcon_core.package_identification:_identify(communication) by extension 'ignore'
[1.510s] Level 1:colcon.colcon_core.package_identification:_identify(communication) by extension 'ignore_ament_install'
[1.510s] Level 1:colcon.colcon_core.package_identification:_identify(communication) by extensions ['colcon_pkg']
[1.510s] Level 1:colcon.colcon_core.package_identification:_identify(communication) by extension 'colcon_pkg'
[1.510s] Level 1:colcon.colcon_core.package_identification:_identify(communication) by extensions ['colcon_meta']
[1.510s] Level 1:colcon.colcon_core.package_identification:_identify(communication) by extension 'colcon_meta'
[1.511s] Level 1:colcon.colcon_core.package_identification:_identify(communication) by extensions ['ros']
[1.511s] Level 1:colcon.colcon_core.package_identification:_identify(communication) by extension 'ros'
[1.511s] Level 1:colcon.colcon_core.package_identification:_identify(communication) by extensions ['cmake', 'python']
[1.511s] Level 1:colcon.colcon_core.package_identification:_identify(communication) by extension 'cmake'
[1.512s] Level 1:colcon.colcon_core.package_identification:_identify(communication) by extension 'python'
[1.512s] Level 1:colcon.colcon_core.package_identification:_identify(communication) by extensions ['python_setup_py']
[1.512s] Level 1:colcon.colcon_core.package_identification:_identify(communication) by extension 'python_setup_py'
[1.512s] Level 1:colcon.colcon_core.package_identification:_identify(config) by extensions ['ignore', 'ignore_ament_install']
[1.513s] Level 1:colcon.colcon_core.package_identification:_identify(config) by extension 'ignore'
[1.513s] Level 1:colcon.colcon_core.package_identification:_identify(config) by extension 'ignore_ament_install'
[1.513s] Level 1:colcon.colcon_core.package_identification:_identify(config) by extensions ['colcon_pkg']
[1.513s] Level 1:colcon.colcon_core.package_identification:_identify(config) by extension 'colcon_pkg'
[1.514s] Level 1:colcon.colcon_core.package_identification:_identify(config) by extensions ['colcon_meta']
[1.514s] Level 1:colcon.colcon_core.package_identification:_identify(config) by extension 'colcon_meta'
[1.514s] Level 1:colcon.colcon_core.package_identification:_identify(config) by extensions ['ros']
[1.514s] Level 1:colcon.colcon_core.package_identification:_identify(config) by extension 'ros'
[1.515s] Level 1:colcon.colcon_core.package_identification:_identify(config) by extensions ['cmake', 'python']
[1.515s] Level 1:colcon.colcon_core.package_identification:_identify(config) by extension 'cmake'
[1.515s] Level 1:colcon.colcon_core.package_identification:_identify(config) by extension 'python'
[1.515s] Level 1:colcon.colcon_core.package_identification:_identify(config) by extensions ['python_setup_py']
[1.515s] Level 1:colcon.colcon_core.package_identification:_identify(config) by extension 'python_setup_py'
[1.516s] Level 1:colcon.colcon_core.package_identification:_identify(control) by extensions ['ignore', 'ignore_ament_install']
[1.516s] Level 1:colcon.colcon_core.package_identification:_identify(control) by extension 'ignore'
[1.516s] Level 1:colcon.colcon_core.package_identification:_identify(control) by extension 'ignore_ament_install'
[1.517s] Level 1:colcon.colcon_core.package_identification:_identify(control) by extensions ['colcon_pkg']
[1.517s] Level 1:colcon.colcon_core.package_identification:_identify(control) by extension 'colcon_pkg'
[1.517s] Level 1:colcon.colcon_core.package_identification:_identify(control) by extensions ['colcon_meta']
[1.517s] Level 1:colcon.colcon_core.package_identification:_identify(control) by extension 'colcon_meta'
[1.517s] Level 1:colcon.colcon_core.package_identification:_identify(control) by extensions ['ros']
[1.517s] Level 1:colcon.colcon_core.package_identification:_identify(control) by extension 'ros'
[1.518s] Level 1:colcon.colcon_core.package_identification:_identify(control) by extensions ['cmake', 'python']
[1.518s] Level 1:colcon.colcon_core.package_identification:_identify(control) by extension 'cmake'
[1.518s] Level 1:colcon.colcon_core.package_identification:_identify(control) by extension 'python'
[1.518s] Level 1:colcon.colcon_core.package_identification:_identify(control) by extensions ['python_setup_py']
[1.518s] Level 1:colcon.colcon_core.package_identification:_identify(control) by extension 'python_setup_py'
[1.519s] Level 1:colcon.colcon_core.package_identification:_identify(install) by extensions ['ignore', 'ignore_ament_install']
[1.519s] Level 1:colcon.colcon_core.package_identification:_identify(install) by extension 'ignore'
[1.519s] Level 1:colcon.colcon_core.package_identification:_identify(install) ignored
[1.520s] Level 1:colcon.colcon_core.package_identification:_identify(layers) by extensions ['ignore', 'ignore_ament_install']
[1.520s] Level 1:colcon.colcon_core.package_identification:_identify(layers) by extension 'ignore'
[1.520s] Level 1:colcon.colcon_core.package_identification:_identify(layers) by extension 'ignore_ament_install'
[1.521s] Level 1:colcon.colcon_core.package_identification:_identify(layers) by extensions ['colcon_pkg']
[1.521s] Level 1:colcon.colcon_core.package_identification:_identify(layers) by extension 'colcon_pkg'
[1.521s] Level 1:colcon.colcon_core.package_identification:_identify(layers) by extensions ['colcon_meta']
[1.521s] Level 1:colcon.colcon_core.package_identification:_identify(layers) by extension 'colcon_meta'
[1.521s] Level 1:colcon.colcon_core.package_identification:_identify(layers) by extensions ['ros']
[1.521s] Level 1:colcon.colcon_core.package_identification:_identify(layers) by extension 'ros'
[1.522s] Level 1:colcon.colcon_core.package_identification:_identify(layers) by extensions ['cmake', 'python']
[1.522s] Level 1:colcon.colcon_core.package_identification:_identify(layers) by extension 'cmake'
[1.522s] Level 1:colcon.colcon_core.package_identification:_identify(layers) by extension 'python'
[1.522s] Level 1:colcon.colcon_core.package_identification:_identify(layers) by extensions ['python_setup_py']
[1.523s] Level 1:colcon.colcon_core.package_identification:_identify(layers) by extension 'python_setup_py'
[1.523s] Level 1:colcon.colcon_core.package_identification:_identify(log) by extensions ['ignore', 'ignore_ament_install']
[1.523s] Level 1:colcon.colcon_core.package_identification:_identify(log) by extension 'ignore'
[1.524s] Level 1:colcon.colcon_core.package_identification:_identify(log) ignored
[1.524s] Level 1:colcon.colcon_core.package_identification:_identify(sensors) by extensions ['ignore', 'ignore_ament_install']
[1.524s] Level 1:colcon.colcon_core.package_identification:_identify(sensors) by extension 'ignore'
[1.525s] Level 1:colcon.colcon_core.package_identification:_identify(sensors) by extension 'ignore_ament_install'
[1.525s] Level 1:colcon.colcon_core.package_identification:_identify(sensors) by extensions ['colcon_pkg']
[1.525s] Level 1:colcon.colcon_core.package_identification:_identify(sensors) by extension 'colcon_pkg'
[1.525s] Level 1:colcon.colcon_core.package_identification:_identify(sensors) by extensions ['colcon_meta']
[1.525s] Level 1:colcon.colcon_core.package_identification:_identify(sensors) by extension 'colcon_meta'
[1.526s] Level 1:colcon.colcon_core.package_identification:_identify(sensors) by extensions ['ros']
[1.526s] Level 1:colcon.colcon_core.package_identification:_identify(sensors) by extension 'ros'
[1.526s] Level 1:colcon.colcon_core.package_identification:_identify(sensors) by extensions ['cmake', 'python']
[1.526s] Level 1:colcon.colcon_core.package_identification:_identify(sensors) by extension 'cmake'
[1.526s] Level 1:colcon.colcon_core.package_identification:_identify(sensors) by extension 'python'
[1.527s] Level 1:colcon.colcon_core.package_identification:_identify(sensors) by extensions ['python_setup_py']
[1.527s] Level 1:colcon.colcon_core.package_identification:_identify(sensors) by extension 'python_setup_py'
[1.527s] Level 1:colcon.colcon_core.package_identification:_identify(tests) by extensions ['ignore', 'ignore_ament_install']
[1.528s] Level 1:colcon.colcon_core.package_identification:_identify(tests) by extension 'ignore'
[1.528s] Level 1:colcon.colcon_core.package_identification:_identify(tests) by extension 'ignore_ament_install'
[1.528s] Level 1:colcon.colcon_core.package_identification:_identify(tests) by extensions ['colcon_pkg']
[1.528s] Level 1:colcon.colcon_core.package_identification:_identify(tests) by extension 'colcon_pkg'
[1.528s] Level 1:colcon.colcon_core.package_identification:_identify(tests) by extensions ['colcon_meta']
[1.529s] Level 1:colcon.colcon_core.package_identification:_identify(tests) by extension 'colcon_meta'
[1.529s] Level 1:colcon.colcon_core.package_identification:_identify(tests) by extensions ['ros']
[1.529s] Level 1:colcon.colcon_core.package_identification:_identify(tests) by extension 'ros'
[1.529s] Level 1:colcon.colcon_core.package_identification:_identify(tests) by extensions ['cmake', 'python']
[1.529s] Level 1:colcon.colcon_core.package_identification:_identify(tests) by extension 'cmake'
[1.530s] Level 1:colcon.colcon_core.package_identification:_identify(tests) by extension 'python'
[1.530s] Level 1:colcon.colcon_core.package_identification:_identify(tests) by extensions ['python_setup_py']
[1.530s] Level 1:colcon.colcon_core.package_identification:_identify(tests) by extension 'python_setup_py'
[1.530s] Level 1:colcon.colcon_core.package_identification:_identify(tools) by extensions ['ignore', 'ignore_ament_install']
[1.531s] Level 1:colcon.colcon_core.package_identification:_identify(tools) by extension 'ignore'
[1.531s] Level 1:colcon.colcon_core.package_identification:_identify(tools) by extension 'ignore_ament_install'
[1.531s] Level 1:colcon.colcon_core.package_identification:_identify(tools) by extensions ['colcon_pkg']
[1.531s] Level 1:colcon.colcon_core.package_identification:_identify(tools) by extension 'colcon_pkg'
[1.532s] Level 1:colcon.colcon_core.package_identification:_identify(tools) by extensions ['colcon_meta']
[1.532s] Level 1:colcon.colcon_core.package_identification:_identify(tools) by extension 'colcon_meta'
[1.532s] Level 1:colcon.colcon_core.package_identification:_identify(tools) by extensions ['ros']
[1.532s] Level 1:colcon.colcon_core.package_identification:_identify(tools) by extension 'ros'
[1.532s] Level 1:colcon.colcon_core.package_identification:_identify(tools) by extensions ['cmake', 'python']
[1.533s] Level 1:colcon.colcon_core.package_identification:_identify(tools) by extension 'cmake'
[1.533s] Level 1:colcon.colcon_core.package_identification:_identify(tools) by extension 'python'
[1.533s] Level 1:colcon.colcon_core.package_identification:_identify(tools) by extensions ['python_setup_py']
[1.533s] Level 1:colcon.colcon_core.package_identification:_identify(tools) by extension 'python_setup_py'
[1.533s] Level 1:colcon.colcon_core.package_discovery:discover_packages(recursive) using defaults
[1.534s] Level 1:colcon.colcon_core.package_discovery:discover_packages(ignore) discover
[1.534s] Level 1:colcon.colcon_core.package_discovery:discover_packages(ignore) using defaults
[1.534s] Level 1:colcon.colcon_core.package_discovery:discover_packages(path) discover
[1.534s] Level 1:colcon.colcon_core.package_discovery:discover_packages(path) using defaults
[1.535s] WARNING:colcon.colcon_core.package_selection:ignoring unknown package 'mail-delivery-robot' in --packages-select
[1.658s] Level 1:colcon.colcon_core.package_discovery:discover_packages(prefix_path) check parameters
[1.658s] Level 1:colcon.colcon_core.package_discovery:discover_packages(prefix_path) discover
[1.663s] WARNING:colcon.colcon_core.prefix_path.colcon:The path '/home/capstone2526/ros2_humble/ros2-linux' in the environment variable COLCON_PREFIX_PATH doesn't exist
[1.664s] WARNING:colcon.colcon_ros.prefix_path.ament:The path '/home/capstone2526/ros2_humble/ros2-linux' in the environment variable AMENT_PREFIX_PATH doesn't exist
[1.665s] WARNING:colcon.colcon_ros.prefix_path.catkin:The path '/home/capstone2526/ros2_humble/ros2-linux' in the environment variable CMAKE_PREFIX_PATH doesn't exist
[1.669s] DEBUG:colcon.colcon_installed_package_information.package_discovery:Found 2 installed packages in /home/capstone2526/cmdr_ws/install
[1.680s] DEBUG:colcon.colcon_installed_package_information.package_discovery:Found 272 installed packages in /opt/ros/humble
[1.687s] Level 1:colcon.colcon_core.package_discovery:discover_packages(prefix_path) using defaults
[1.870s] INFO:colcon.colcon_core.executor:Executing jobs using 'parallel' executor
[1.873s] DEBUG:colcon.colcon_parallel_executor.executor.parallel:run_until_complete
[1.873s] DEBUG:colcon.colcon_parallel_executor.executor.parallel:closing loop
[1.874s] DEBUG:colcon.colcon_parallel_executor.executor.parallel:loop closed
[1.875s] DEBUG:colcon.colcon_parallel_executor.executor.parallel:run_until_complete finished with '0'
[1.875s] DEBUG:colcon.colcon_core.event_reactor:joining thread
[1.896s] INFO:colcon.colcon_core.plugin_system:Skipping extension 'colcon_notification.desktop_notification.notify_send': Could not find 'notify-send'
[1.896s] INFO:colcon.colcon_core.plugin_system:Skipping extension 'colcon_notification.desktop_notification.terminal_notifier': Not used on non-Darwin systems
[1.896s] INFO:colcon.colcon_core.plugin_system:Skipping extension 'colcon_notification.desktop_notification.win32': Not used on non-Windows systems
[1.897s] INFO:colcon.colcon_notification.desktop_notification:Sending desktop notification using 'notify2'
[1.900s] DEBUG:colcon.colcon_notification.desktop_notification.notify2:Failed to initialize notify2: org.freedesktop.DBus.Error.ServiceUnknown: The name org.freedesktop.Notifications was not provided by any .service files
[1.901s] DEBUG:colcon.colcon_core.event_reactor:joined thread
[1.909s] INFO:colcon.colcon_core.plugin_system:Skipping extension 'colcon_core.shell.bat': Not used on non-Windows systems
[1.910s] INFO:colcon.colcon_core.shell:Creating prefix script '/home/capstone2526/cmdr_ws/src/carleton-mail-delivery-robot/mail-delivery-robot/src/install/local_setup.ps1'
[1.915s] INFO:colcon.colcon_core.shell:Creating prefix util module '/home/capstone2526/cmdr_ws/src/carleton-mail-delivery-robot/mail-delivery-robot/src/install/_local_setup_util_ps1.py'
[1.922s] INFO:colcon.colcon_core.shell:Creating prefix chain script '/home/capstone2526/cmdr_ws/src/carleton-mail-delivery-robot/mail-delivery-robot/src/install/setup.ps1'
[1.927s] INFO:colcon.colcon_core.shell:Creating prefix script '/home/capstone2526/cmdr_ws/src/carleton-mail-delivery-robot/mail-delivery-robot/src/install/local_setup.sh'
[1.929s] INFO:colcon.colcon_core.shell:Creating prefix util module '/home/capstone2526/cmdr_ws/src/carleton-mail-delivery-robot/mail-delivery-robot/src/install/_local_setup_util_sh.py'
[1.932s] INFO:colcon.colcon_core.shell:Creating prefix chain script '/home/capstone2526/cmdr_ws/src/carleton-mail-delivery-robot/mail-delivery-robot/src/install/setup.sh'
[1.937s] INFO:colcon.colcon_core.shell:Creating prefix script '/home/capstone2526/cmdr_ws/src/carleton-mail-delivery-robot/mail-delivery-robot/src/install/local_setup.bash'
[1.940s] INFO:colcon.colcon_core.shell:Creating prefix chain script '/home/capstone2526/cmdr_ws/src/carleton-mail-delivery-robot/mail-delivery-robot/src/install/setup.bash'
[1.945s] INFO:colcon.colcon_core.shell:Creating prefix script '/home/capstone2526/cmdr_ws/src/carleton-mail-delivery-robot/mail-delivery-robot/src/install/local_setup.zsh'
[1.947s] INFO:colcon.colcon_core.shell:Creating prefix chain script '/home/capstone2526/cmdr_ws/src/carleton-mail-delivery-robot/mail-delivery-robot/src/install/setup.zsh'
